<?xml version="1.0" encoding="UTF-8"?>
<testsuite name="com.blackducksoftware.integration.hub.artifactory.inspector.extractor.ComponentExtractorTest" tests="3" skipped="0" failures="0" errors="0" timestamp="2017-01-26T16:37:55" hostname="bds01059.bds-ad.lc" time="0.164">
  <properties/>
  <testcase name="testDateCutoffOkay" classname="com.blackducksoftware.integration.hub.artifactory.inspector.extractor.ComponentExtractorTest" time="0.162"/>
  <testcase name="testDateCutoffNotOkay" classname="com.blackducksoftware.integration.hub.artifactory.inspector.extractor.ComponentExtractorTest" time="0.001"/>
  <testcase name="testDateCutoffOkay2" classname="com.blackducksoftware.integration.hub.artifactory.inspector.extractor.ComponentExtractorTest" time="0.001"/>
  <system-out><![CDATA[]]></system-out>
  <system-err><![CDATA[]]></system-err>
</testsuite>
